<?xml version="1.0" encoding="UTF-8"?>
<!-- Generated by org.testng.reporters.JUnitReportReporter -->
<testsuite hostname="DESKTOP-5INVORM" failures="0" tests="4" name="apiAutomation.PostAPIwithPrameterisation" time="2.680" errors="0" timestamp="2024-11-27T20:50:39 IST" skipped="0">
  <testcase classname="apiAutomation.PostAPIwithPrameterisation" name="PostAPI" time="2.238"/>
  <testcase classname="apiAutomation.PostAPIwithPrameterisation" name="PostAPI" time="0.150"/>
  <testcase classname="apiAutomation.PostAPIwithPrameterisation" name="PostAPI" time="0.137"/>
  <testcase classname="apiAutomation.PostAPIwithPrameterisation" name="PostAPI" time="0.155"/>
</testsuite> <!-- apiAutomation.PostAPIwithPrameterisation -->
