<?xml version="1.0" encoding="UTF-8"?>
<!-- Generated by org.testng.reporters.JUnitReportReporter -->
<testsuite hostname="DESKTOP-5INVORM" failures="0" tests="1" name="apiAutomation.SumPrices" time="1.653" errors="0" timestamp="2024-11-27T16:19:02 IST" skipped="0">
  <testcase classname="apiAutomation.SumPrices" name="verify" time="1.653"/>
</testsuite> <!-- apiAutomation.SumPrices -->
