<?xml version="1.0" encoding="UTF-8"?>
<!-- Generated by org.testng.reporters.JUnitReportReporter -->
<testsuite hostname="DESKTOP-5INVORM" failures="0" tests="1" name="apiAutomation.LibraryAPI" time="2.909" errors="0" timestamp="2024-11-27T20:20:47 IST" skipped="0">
  <testcase classname="apiAutomation.LibraryAPI" name="PostAPI" time="2.909"/>
</testsuite> <!-- apiAutomation.LibraryAPI -->
